[ 2017-06-26T09:08:07+08:00 ] 121.18.119.230 /index.php?g=Admin&m=public&a=dologin
INFO: [ app_begin ] --START--
INFO: Run Behavior\ReadHtmlCacheBehavior [ RunTime:0.000000s ]
INFO: Run Behavior\CheckLangBehavior [ RunTime:0.000000s ]
INFO: [ app_begin ] --END-- [ RunTime:0.000000s ]
SQL: SHOW COLUMNS FROM `sp_users` [ RunTime:0.0000s ]
SQL: SELECT * FROM `sp_users` WHERE `user_login` = '南城区' LIMIT 1   [ RunTime:0.0000s ]
SQL: SHOW COLUMNS FROM `sp_role_user` [ RunTime:0.0000s ]
SQL: SELECT `role_id` FROM sp_role_user a INNER JOIN sp_role as b on a.role_id =b.id  WHERE `user_id` = '92' AND `status` = 1  [ RunTime:0.0156s ]
SQL: UPDATE `sp_users` SET `user_login`='南城区',`user_pass`='c535018ee946dbaa1a291887fff225c932c794ff9c6c89af',`user_nicename`='',`user_email`='95@qq.com',`user_url`='',`avatar`=NULL,`sex`='0',`birthday`=NULL,`signature`=NULL,`last_login_ip`='121.18.119.230',`last_login_time`='2017-06-26 09:08:07',`create_time`='2000-01-01 00:00:00',`user_activation_key`='',`user_status`='1',`score`='0',`user_type`='1' WHERE `id` = '92' [ RunTime:0.0000s ]

[ 2017-06-26T09:09:39+08:00 ] 121.18.119.230 /index.php?g=Admin&m=public&a=dologin
INFO: [ app_begin ] --START--
INFO: Run Behavior\ReadHtmlCacheBehavior [ RunTime:0.015625s ]
INFO: Run Behavior\CheckLangBehavior [ RunTime:0.000000s ]
INFO: [ app_begin ] --END-- [ RunTime:0.015625s ]
SQL: SHOW COLUMNS FROM `sp_users` [ RunTime:0.0000s ]
SQL: SELECT * FROM `sp_users` WHERE `user_login` = '西城区' LIMIT 1   [ RunTime:0.0000s ]
SQL: SHOW COLUMNS FROM `sp_role_user` [ RunTime:0.0000s ]
SQL: SELECT `role_id` FROM sp_role_user a INNER JOIN sp_role as b on a.role_id =b.id  WHERE `user_id` = '93' AND `status` = 1  [ RunTime:0.0156s ]
SQL: UPDATE `sp_users` SET `user_login`='西城区',`user_pass`='c535018ee9469738d61dcd0800b5c54f6eb5c46902e089af',`user_nicename`='',`user_email`='96@qq.com',`user_url`='',`avatar`=NULL,`sex`='0',`birthday`=NULL,`signature`=NULL,`last_login_ip`='121.18.119.230',`last_login_time`='2017-06-26 09:09:39',`create_time`='2000-01-01 00:00:00',`user_activation_key`='',`user_status`='1',`score`='0',`user_type`='1' WHERE `id` = '93' [ RunTime:0.0000s ]

[ 2017-06-26T09:13:29+08:00 ] 121.18.119.230 /index.php?g=Admin&m=public&a=dologin
INFO: [ app_begin ] --START--
INFO: Run Behavior\ReadHtmlCacheBehavior [ RunTime:0.000000s ]
INFO: Run Behavior\CheckLangBehavior [ RunTime:0.000000s ]
INFO: [ app_begin ] --END-- [ RunTime:0.000000s ]
SQL: SHOW COLUMNS FROM `sp_users` [ RunTime:0.0000s ]
SQL: SELECT * FROM `sp_users` WHERE `user_login` = '长安路办' LIMIT 1   [ RunTime:0.0000s ]
SQL: SHOW COLUMNS FROM `sp_role_user` [ RunTime:0.0000s ]
SQL: SELECT `role_id` FROM sp_role_user a INNER JOIN sp_role as b on a.role_id =b.id  WHERE `user_id` = '114' AND `status` = 1  [ RunTime:0.0000s ]
SQL: UPDATE `sp_users` SET `user_login`='长安路办',`user_pass`='c535018ee9460924264e8186808f838bc1f96833a4bd89af',`user_nicename`='',`user_email`='118@qq.com',`user_url`='',`avatar`=NULL,`sex`='0',`birthday`=NULL,`signature`=NULL,`last_login_ip`='121.18.119.230',`last_login_time`='2017-06-26 09:13:29',`create_time`='2000-01-01 00:00:00',`user_activation_key`='',`user_status`='1',`score`='0',`user_type`='1' WHERE `id` = '114' [ RunTime:0.0000s ]

[ 2017-06-26T09:15:07+08:00 ] 121.18.119.230 /index.php?g=Admin&m=public&a=dologin
INFO: [ app_begin ] --START--
INFO: Run Behavior\ReadHtmlCacheBehavior [ RunTime:0.000000s ]
INFO: Run Behavior\CheckLangBehavior [ RunTime:0.015625s ]
INFO: [ app_begin ] --END-- [ RunTime:0.015625s ]
SQL: SHOW COLUMNS FROM `sp_users` [ RunTime:0.0000s ]
SQL: SELECT * FROM `sp_users` WHERE `user_login` = '周村镇' LIMIT 1   [ RunTime:0.0000s ]
SQL: SHOW COLUMNS FROM `sp_role_user` [ RunTime:0.0000s ]
SQL: SELECT `role_id` FROM sp_role_user a INNER JOIN sp_role as b on a.role_id =b.id  WHERE `user_id` = '105' AND `status` = 1  [ RunTime:0.0000s ]
SQL: UPDATE `sp_users` SET `user_login`='周村镇',`user_pass`='c535018ee94664bfeeec59623c865da6511a3165e5d989af',`user_nicename`='',`user_email`='108@qq.com',`user_url`='',`avatar`=NULL,`sex`='0',`birthday`=NULL,`signature`=NULL,`last_login_ip`='121.18.119.230',`last_login_time`='2017-06-26 09:15:07',`create_time`='2000-01-01 00:00:00',`user_activation_key`='',`user_status`='1',`score`='0',`user_type`='1' WHERE `id` = '105' [ RunTime:0.0000s ]

[ 2017-06-26T09:17:06+08:00 ] 121.18.119.230 /index.php?g=Admin&m=public&a=dologin
INFO: [ app_begin ] --START--
INFO: Run Behavior\ReadHtmlCacheBehavior [ RunTime:0.000000s ]
INFO: Run Behavior\CheckLangBehavior [ RunTime:0.000000s ]
INFO: [ app_begin ] --END-- [ RunTime:0.000000s ]

[ 2017-06-26T09:17:12+08:00 ] 121.18.119.230 /index.php?g=Admin&m=public&a=dologin
INFO: [ app_begin ] --START--
INFO: Run Behavior\ReadHtmlCacheBehavior [ RunTime:0.000000s ]
INFO: Run Behavior\CheckLangBehavior [ RunTime:0.000000s ]
INFO: [ app_begin ] --END-- [ RunTime:0.000000s ]
SQL: SHOW COLUMNS FROM `sp_users` [ RunTime:0.0000s ]
SQL: SELECT * FROM `sp_users` WHERE `user_login` = '东留春乡' LIMIT 1   [ RunTime:0.0000s ]
SQL: SHOW COLUMNS FROM `sp_role_user` [ RunTime:0.0000s ]
SQL: SELECT `role_id` FROM sp_role_user a INNER JOIN sp_role as b on a.role_id =b.id  WHERE `user_id` = '106' AND `status` = 1  [ RunTime:0.0000s ]
SQL: UPDATE `sp_users` SET `user_login`='东留春乡',`user_pass`='c535018ee946e85aa472a9a83476b8dad0fc622ac0e789af',`user_nicename`='',`user_email`='109@qq.com',`user_url`='',`avatar`=NULL,`sex`='0',`birthday`=NULL,`signature`=NULL,`last_login_ip`='121.18.119.230',`last_login_time`='2017-06-26 09:17:12',`create_time`='2000-01-01 00:00:00',`user_activation_key`='',`user_status`='1',`score`='0',`user_type`='1' WHERE `id` = '106' [ RunTime:0.0000s ]

[ 2017-06-26T09:18:27+08:00 ] 121.18.119.230 /index.php?g=Admin&m=public&a=dologin
INFO: [ app_begin ] --START--
INFO: Run Behavior\ReadHtmlCacheBehavior [ RunTime:0.000000s ]
INFO: Run Behavior\CheckLangBehavior [ RunTime:0.000000s ]
INFO: [ app_begin ] --END-- [ RunTime:0.000000s ]
SQL: SHOW COLUMNS FROM `sp_users` [ RunTime:0.0000s ]
SQL: SELECT * FROM `sp_users` WHERE `user_login` = '邢邑镇' LIMIT 1   [ RunTime:0.0000s ]
SQL: SHOW COLUMNS FROM `sp_role_user` [ RunTime:0.0000s ]
SQL: SELECT `role_id` FROM sp_role_user a INNER JOIN sp_role as b on a.role_id =b.id  WHERE `user_id` = '109' AND `status` = 1  [ RunTime:0.0000s ]
SQL: UPDATE `sp_users` SET `user_login`='邢邑镇',`user_pass`='c535018ee946d16fb36f0911f878998c136191af705e89af',`user_nicename`='',`user_email`='112@qq.com',`user_url`='',`avatar`=NULL,`sex`='0',`birthday`=NULL,`signature`=NULL,`last_login_ip`='121.18.119.230',`last_login_time`='2017-06-26 09:18:27',`create_time`='2000-01-01 00:00:00',`user_activation_key`='',`user_status`='1',`score`='0',`user_type`='1' WHERE `id` = '109' [ RunTime:0.0000s ]

[ 2017-06-26T09:18:31+08:00 ] 121.18.119.230 /index.php?g=Admin&m=public&a=dologin
INFO: [ app_begin ] --START--
INFO: Run Behavior\ReadHtmlCacheBehavior [ RunTime:0.000000s ]
INFO: Run Behavior\CheckLangBehavior [ RunTime:0.000000s ]
INFO: [ app_begin ] --END-- [ RunTime:0.000000s ]
SQL: SHOW COLUMNS FROM `sp_users` [ RunTime:0.0000s ]
SQL: SELECT * FROM `sp_users` WHERE `user_login` = '号头庄乡' LIMIT 1   [ RunTime:0.0000s ]
SQL: SHOW COLUMNS FROM `sp_role_user` [ RunTime:0.0156s ]
SQL: SELECT `role_id` FROM sp_role_user a INNER JOIN sp_role as b on a.role_id =b.id  WHERE `user_id` = '107' AND `status` = 1  [ RunTime:0.0000s ]
SQL: UPDATE `sp_users` SET `user_login`='号头庄乡',`user_pass`='c535018ee9463f2820b283534970bbac58d8338b8f9789af',`user_nicename`='',`user_email`='110@qq.com',`user_url`='',`avatar`=NULL,`sex`='0',`birthday`=NULL,`signature`=NULL,`last_login_ip`='121.18.119.230',`last_login_time`='2017-06-26 09:18:31',`create_time`='2000-01-01 00:00:00',`user_activation_key`='',`user_status`='1',`score`='0',`user_type`='1' WHERE `id` = '107' [ RunTime:0.0000s ]

[ 2017-06-26T09:19:24+08:00 ] 121.18.119.230 /index.php?g=Admin&m=public&a=dologin
INFO: [ app_begin ] --START--
INFO: Run Behavior\ReadHtmlCacheBehavior [ RunTime:0.000000s ]
INFO: Run Behavior\CheckLangBehavior [ RunTime:0.000000s ]
INFO: [ app_begin ] --END-- [ RunTime:0.000000s ]
SQL: SHOW COLUMNS FROM `sp_users` [ RunTime:0.0000s ]
SQL: SELECT * FROM `sp_users` WHERE `user_login` = '杨家庄乡' LIMIT 1   [ RunTime:0.0000s ]
SQL: SHOW COLUMNS FROM `sp_role_user` [ RunTime:0.0000s ]
SQL: SELECT `role_id` FROM sp_role_user a INNER JOIN sp_role as b on a.role_id =b.id  WHERE `user_id` = '98' AND `status` = 1  [ RunTime:0.0000s ]
SQL: UPDATE `sp_users` SET `user_login`='杨家庄乡',`user_pass`='c535018ee9463c222926415b0a04408e78552867483489af',`user_nicename`='',`user_email`='101@qq.com',`user_url`='',`avatar`=NULL,`sex`='0',`birthday`=NULL,`signature`=NULL,`last_login_ip`='121.18.119.230',`last_login_time`='2017-06-26 09:19:24',`create_time`='2000-01-01 00:00:00',`user_activation_key`='',`user_status`='1',`score`='0',`user_type`='1' WHERE `id` = '98' [ RunTime:0.0000s ]

[ 2017-06-26T09:20:17+08:00 ] 121.18.119.230 /index.php?g=Admin&m=public&a=dologin
INFO: [ app_begin ] --START--
INFO: Run Behavior\ReadHtmlCacheBehavior [ RunTime:0.000000s ]
INFO: Run Behavior\CheckLangBehavior [ RunTime:0.000000s ]
INFO: [ app_begin ] --END-- [ RunTime:0.000000s ]
SQL: SHOW COLUMNS FROM `sp_users` [ RunTime:0.0000s ]
SQL: SELECT * FROM `sp_users` WHERE `user_login` = '大鹿庄乡' LIMIT 1   [ RunTime:0.0000s ]
SQL: SHOW COLUMNS FROM `sp_role_user` [ RunTime:0.0000s ]
SQL: SELECT `role_id` FROM sp_role_user a INNER JOIN sp_role as b on a.role_id =b.id  WHERE `user_id` = '96' AND `status` = 1  [ RunTime:0.0000s ]
SQL: UPDATE `sp_users` SET `user_login`='大鹿庄乡',`user_pass`='c535018ee946a3538747fa421fc41ed154f6d8c0ac8389af',`user_nicename`='',`user_email`='99@qq.com',`user_url`='',`avatar`=NULL,`sex`='0',`birthday`=NULL,`signature`=NULL,`last_login_ip`='121.18.119.230',`last_login_time`='2017-06-26 09:20:17',`create_time`='2000-01-01 00:00:00',`user_activation_key`='',`user_status`='1',`score`='0',`user_type`='1' WHERE `id` = '96' [ RunTime:0.0000s ]

[ 2017-06-26T09:21:14+08:00 ] 121.18.119.230 /index.php?g=Admin&m=public&a=dologin
INFO: [ app_begin ] --START--
INFO: Run Behavior\ReadHtmlCacheBehavior [ RunTime:0.000000s ]
INFO: Run Behavior\CheckLangBehavior [ RunTime:0.000000s ]
INFO: [ app_begin ] --END-- [ RunTime:0.000000s ]
SQL: SHOW COLUMNS FROM `sp_users` [ RunTime:0.0000s ]
SQL: SELECT * FROM `sp_users` WHERE `user_login` = '息仲镇' LIMIT 1   [ RunTime:0.0000s ]
SQL: SHOW COLUMNS FROM `sp_role_user` [ RunTime:0.0000s ]
SQL: SELECT `role_id` FROM sp_role_user a INNER JOIN sp_role as b on a.role_id =b.id  WHERE `user_id` = '113' AND `status` = 1  [ RunTime:0.0000s ]
SQL: UPDATE `sp_users` SET `user_login`='息仲镇',`user_pass`='c535018ee9468436a47abeec9845cdbd06a116cf936f89af',`user_nicename`='',`user_email`='117@qq.com',`user_url`='',`avatar`=NULL,`sex`='0',`birthday`=NULL,`signature`=NULL,`last_login_ip`='121.18.119.230',`last_login_time`='2017-06-26 09:21:14',`create_time`='2000-01-01 00:00:00',`user_activation_key`='',`user_status`='1',`score`='0',`user_type`='1' WHERE `id` = '113' [ RunTime:0.0000s ]

[ 2017-06-26T09:22:10+08:00 ] 121.18.119.230 /index.php?g=Admin&m=public&a=dologin
INFO: [ app_begin ] --START--
INFO: Run Behavior\ReadHtmlCacheBehavior [ RunTime:0.000000s ]
INFO: Run Behavior\CheckLangBehavior [ RunTime:0.000000s ]
INFO: [ app_begin ] --END-- [ RunTime:0.000000s ]
SQL: SHOW COLUMNS FROM `sp_users` [ RunTime:0.0000s ]
SQL: SELECT * FROM `sp_users` WHERE `user_login` = '西城乡' LIMIT 1   [ RunTime:0.0000s ]
SQL: SHOW COLUMNS FROM `sp_role_user` [ RunTime:0.0000s ]
SQL: SELECT `role_id` FROM sp_role_user a INNER JOIN sp_role as b on a.role_id =b.id  WHERE `user_id` = '112' AND `status` = 1  [ RunTime:0.0000s ]
SQL: UPDATE `sp_users` SET `user_login`='西城乡',`user_pass`='c535018ee9464ffc8a0cd651e1ce774c3e8fa7441b7689af',`user_nicename`='',`user_email`='116@qq.com',`user_url`='',`avatar`=NULL,`sex`='0',`birthday`=NULL,`signature`=NULL,`last_login_ip`='121.18.119.230',`last_login_time`='2017-06-26 09:22:10',`create_time`='2000-01-01 00:00:00',`user_activation_key`='',`user_status`='1',`score`='0',`user_type`='1' WHERE `id` = '112' [ RunTime:0.0000s ]

[ 2017-06-26T09:23:24+08:00 ] 121.18.119.230 /index.php?g=Admin&m=public&a=dologin
INFO: [ app_begin ] --START--
INFO: Run Behavior\ReadHtmlCacheBehavior [ RunTime:0.000000s ]
INFO: Run Behavior\CheckLangBehavior [ RunTime:0.015625s ]
INFO: [ app_begin ] --END-- [ RunTime:0.015625s ]
SQL: SHOW COLUMNS FROM `sp_users` [ RunTime:0.0000s ]
SQL: SELECT * FROM `sp_users` WHERE `user_login` = '开发区' LIMIT 1   [ RunTime:0.0000s ]
SQL: SHOW COLUMNS FROM `sp_role_user` [ RunTime:0.0000s ]
SQL: SELECT `role_id` FROM sp_role_user a INNER JOIN sp_role as b on a.role_id =b.id  WHERE `user_id` = '90' AND `status` = 1  [ RunTime:0.0000s ]
SQL: UPDATE `sp_users` SET `user_login`='开发区',`user_pass`='c535018ee946a43b4b915e1c22055a31004f47ba29be89af',`user_nicename`='',`user_email`='90@qq.com',`user_url`='',`avatar`=NULL,`sex`='0',`birthday`=NULL,`signature`=NULL,`last_login_ip`='121.18.119.230',`last_login_time`='2017-06-26 09:23:24',`create_time`='2000-01-01 00:00:00',`user_activation_key`='',`user_status`='1',`score`='0',`user_type`='1' WHERE `id` = '90' [ RunTime:0.0000s ]

[ 2017-06-26T09:36:16+08:00 ] 121.18.119.230 /index.php?g=Admin&m=public&a=dologin
INFO: [ app_begin ] --START--
INFO: Run Behavior\ReadHtmlCacheBehavior [ RunTime:0.000000s ]
INFO: Run Behavior\CheckLangBehavior [ RunTime:0.000000s ]
INFO: [ app_begin ] --END-- [ RunTime:0.000000s ]
SQL: SHOW COLUMNS FROM `sp_users` [ RunTime:0.0000s ]
SQL: SELECT * FROM `sp_users` WHERE `user_login` = '市社' LIMIT 1   [ RunTime:0.0000s ]
SQL: SHOW COLUMNS FROM `sp_role_user` [ RunTime:0.0156s ]
SQL: SELECT `role_id` FROM sp_role_user a INNER JOIN sp_role as b on a.role_id =b.id  WHERE `user_id` = '87' AND `status` = 1  [ RunTime:0.0000s ]
SQL: UPDATE `sp_users` SET `user_login`='市社',`user_pass`='c535018ee9463691308f2a4c2f6983f2880d32e29c8489af',`user_nicename`='',`user_email`='87@qq.com',`user_url`='',`avatar`=NULL,`sex`='0',`birthday`=NULL,`signature`=NULL,`last_login_ip`='121.18.119.230',`last_login_time`='2017-06-26 09:36:16',`create_time`='2000-01-01 00:00:00',`user_activation_key`='',`user_status`='1',`score`='0',`user_type`='1' WHERE `id` = '87' [ RunTime:0.0000s ]

[ 2017-06-26T10:05:16+08:00 ] 121.18.119.230 /index.php?g=Admin&m=public&a=dologin
INFO: [ app_begin ] --START--
INFO: Run Behavior\ReadHtmlCacheBehavior [ RunTime:0.000000s ]
INFO: Run Behavior\CheckLangBehavior [ RunTime:0.000000s ]
INFO: [ app_begin ] --END-- [ RunTime:0.000000s ]
SQL: SHOW COLUMNS FROM `sp_users` [ RunTime:0.0000s ]
SQL: SELECT * FROM `sp_users` WHERE `user_login` = '环保局' LIMIT 1   [ RunTime:0.0000s ]
SQL: SHOW COLUMNS FROM `sp_role_user` [ RunTime:0.0000s ]
SQL: SELECT `role_id` FROM sp_role_user a INNER JOIN sp_role as b on a.role_id =b.id  WHERE `user_id` = '73' AND `status` = 1  [ RunTime:0.0000s ]
SQL: UPDATE `sp_users` SET `user_login`='环保局',`user_pass`='c535018ee946883d1058aa6a2930c0eaf0c69fb65b7289af',`user_nicename`='',`user_email`='73@qq.com',`user_url`='',`avatar`=NULL,`sex`='0',`birthday`=NULL,`signature`=NULL,`last_login_ip`='121.18.119.230',`last_login_time`='2017-06-26 10:05:16',`create_time`='2000-01-01 00:00:00',`user_activation_key`='',`user_status`='1',`score`='0',`user_type`='1' WHERE `id` = '73' [ RunTime:0.0156s ]

[ 2017-06-26T10:21:13+08:00 ] 121.18.119.230 /index.php?g=Admin&m=public&a=dologin
INFO: [ app_begin ] --START--
INFO: Run Behavior\ReadHtmlCacheBehavior [ RunTime:0.000000s ]
INFO: Run Behavior\CheckLangBehavior [ RunTime:0.000000s ]
INFO: [ app_begin ] --END-- [ RunTime:0.000000s ]
SQL: SHOW COLUMNS FROM `sp_users` [ RunTime:0.0000s ]
SQL: SELECT * FROM `sp_users` WHERE `user_login` = '环保局' LIMIT 1   [ RunTime:0.0000s ]
SQL: SHOW COLUMNS FROM `sp_role_user` [ RunTime:0.0000s ]
SQL: SELECT `role_id` FROM sp_role_user a INNER JOIN sp_role as b on a.role_id =b.id  WHERE `user_id` = '73' AND `status` = 1  [ RunTime:0.0000s ]
SQL: UPDATE `sp_users` SET `user_login`='环保局',`user_pass`='c535018ee946883d1058aa6a2930c0eaf0c69fb65b7289af',`user_nicename`='',`user_email`='73@qq.com',`user_url`='',`avatar`=NULL,`sex`='0',`birthday`=NULL,`signature`=NULL,`last_login_ip`='121.18.119.230',`last_login_time`='2017-06-26 10:21:13',`create_time`='2000-01-01 00:00:00',`user_activation_key`='',`user_status`='1',`score`='0',`user_type`='1' WHERE `id` = '73' [ RunTime:0.0000s ]

[ 2017-06-26T10:48:13+08:00 ] 121.18.119.230 /index.php?g=Admin&m=public&a=dologin
INFO: [ app_begin ] --START--
INFO: Run Behavior\ReadHtmlCacheBehavior [ RunTime:0.000000s ]
INFO: Run Behavior\CheckLangBehavior [ RunTime:0.000000s ]
INFO: [ app_begin ] --END-- [ RunTime:0.000000s ]
SQL: SHOW COLUMNS FROM `sp_users` [ RunTime:0.0000s ]
SQL: SELECT * FROM `sp_users` WHERE `user_login` = '南城区' LIMIT 1   [ RunTime:0.0000s ]
SQL: SHOW COLUMNS FROM `sp_role_user` [ RunTime:0.0156s ]
SQL: SELECT `role_id` FROM sp_role_user a INNER JOIN sp_role as b on a.role_id =b.id  WHERE `user_id` = '92' AND `status` = 1  [ RunTime:0.0000s ]
SQL: UPDATE `sp_users` SET `user_login`='南城区',`user_pass`='c535018ee946dbaa1a291887fff225c932c794ff9c6c89af',`user_nicename`='',`user_email`='95@qq.com',`user_url`='',`avatar`=NULL,`sex`='0',`birthday`=NULL,`signature`=NULL,`last_login_ip`='121.18.119.230',`last_login_time`='2017-06-26 10:48:13',`create_time`='2000-01-01 00:00:00',`user_activation_key`='',`user_status`='1',`score`='0',`user_type`='1' WHERE `id` = '92' [ RunTime:0.0000s ]

[ 2017-06-26T10:49:39+08:00 ] 121.18.119.230 /index.php?g=Admin&m=public&a=dologin
INFO: [ app_begin ] --START--
INFO: Run Behavior\ReadHtmlCacheBehavior [ RunTime:0.000000s ]
INFO: Run Behavior\CheckLangBehavior [ RunTime:0.000000s ]
INFO: [ app_begin ] --END-- [ RunTime:0.000000s ]
SQL: SHOW COLUMNS FROM `sp_users` [ RunTime:0.0000s ]
SQL: SELECT * FROM `sp_users` WHERE `user_login` = '工信局' LIMIT 1   [ RunTime:0.0000s ]
SQL: SHOW COLUMNS FROM `sp_role_user` [ RunTime:0.0000s ]
SQL: SELECT `role_id` FROM sp_role_user a INNER JOIN sp_role as b on a.role_id =b.id  WHERE `user_id` = '74' AND `status` = 1  [ RunTime:0.0000s ]
SQL: UPDATE `sp_users` SET `user_login`='工信局',`user_pass`='c535018ee9461684ee1c40ae7be95ac681a35af3d0a689af',`user_nicename`='',`user_email`='74@qq.com',`user_url`='',`avatar`=NULL,`sex`='0',`birthday`=NULL,`signature`=NULL,`last_login_ip`='121.18.119.230',`last_login_time`='2017-06-26 10:49:39',`create_time`='2000-01-01 00:00:00',`user_activation_key`='',`user_status`='1',`score`='0',`user_type`='1' WHERE `id` = '74' [ RunTime:0.0000s ]

[ 2017-06-26T10:58:52+08:00 ] 121.18.119.230 /index.php?g=Admin&m=public&a=dologin
INFO: [ app_begin ] --START--
INFO: Run Behavior\ReadHtmlCacheBehavior [ RunTime:0.000000s ]
INFO: Run Behavior\CheckLangBehavior [ RunTime:0.000000s ]
INFO: [ app_begin ] --END-- [ RunTime:0.000000s ]
SQL: SHOW COLUMNS FROM `sp_users` [ RunTime:0.0000s ]
SQL: SELECT * FROM `sp_users` WHERE `user_login` = '环保局' LIMIT 1   [ RunTime:0.0000s ]
SQL: SHOW COLUMNS FROM `sp_role_user` [ RunTime:0.0000s ]
SQL: SELECT `role_id` FROM sp_role_user a INNER JOIN sp_role as b on a.role_id =b.id  WHERE `user_id` = '73' AND `status` = 1  [ RunTime:0.0156s ]
SQL: UPDATE `sp_users` SET `user_login`='环保局',`user_pass`='c535018ee946883d1058aa6a2930c0eaf0c69fb65b7289af',`user_nicename`='',`user_email`='73@qq.com',`user_url`='',`avatar`=NULL,`sex`='0',`birthday`=NULL,`signature`=NULL,`last_login_ip`='121.18.119.230',`last_login_time`='2017-06-26 10:58:52',`create_time`='2000-01-01 00:00:00',`user_activation_key`='',`user_status`='1',`score`='0',`user_type`='1' WHERE `id` = '73' [ RunTime:0.0000s ]

[ 2017-06-26T11:01:29+08:00 ] 121.18.119.230 /index.php?g=Admin&m=public&a=dologin
INFO: [ app_begin ] --START--
INFO: Run Behavior\ReadHtmlCacheBehavior [ RunTime:0.000000s ]
INFO: Run Behavior\CheckLangBehavior [ RunTime:0.000000s ]
INFO: [ app_begin ] --END-- [ RunTime:0.000000s ]
SQL: SHOW COLUMNS FROM `sp_users` [ RunTime:0.0000s ]
SQL: SELECT * FROM `sp_users` WHERE `user_login` = '商务局' LIMIT 1   [ RunTime:0.0000s ]
SQL: SHOW COLUMNS FROM `sp_role_user` [ RunTime:0.0000s ]
SQL: SELECT `role_id` FROM sp_role_user a INNER JOIN sp_role as b on a.role_id =b.id  WHERE `user_id` = '75' AND `status` = 1  [ RunTime:0.0000s ]
SQL: UPDATE `sp_users` SET `user_login`='商务局',`user_pass`='c535018ee9468e1add1eb5692a5edfddda28cf9a1d8589af',`user_nicename`='',`user_email`='75@qq.com',`user_url`='',`avatar`=NULL,`sex`='0',`birthday`=NULL,`signature`=NULL,`last_login_ip`='121.18.119.230',`last_login_time`='2017-06-26 11:01:29',`create_time`='2000-01-01 00:00:00',`user_activation_key`='',`user_status`='1',`score`='0',`user_type`='1' WHERE `id` = '75' [ RunTime:0.0000s ]

[ 2017-06-26T11:07:42+08:00 ] 121.18.119.230 /index.php?g=Admin&m=public&a=dologin
INFO: [ app_begin ] --START--
INFO: Run Behavior\ReadHtmlCacheBehavior [ RunTime:0.000000s ]
INFO: Run Behavior\CheckLangBehavior [ RunTime:0.000000s ]
INFO: [ app_begin ] --END-- [ RunTime:0.000000s ]
SQL: SHOW COLUMNS FROM `sp_users` [ RunTime:0.0000s ]
SQL: SELECT * FROM `sp_users` WHERE `user_login` = '市社' LIMIT 1   [ RunTime:0.0000s ]
SQL: SHOW COLUMNS FROM `sp_role_user` [ RunTime:0.0000s ]
SQL: SELECT `role_id` FROM sp_role_user a INNER JOIN sp_role as b on a.role_id =b.id  WHERE `user_id` = '87' AND `status` = 1  [ RunTime:0.0000s ]
SQL: UPDATE `sp_users` SET `user_login`='市社',`user_pass`='c535018ee9463691308f2a4c2f6983f2880d32e29c8489af',`user_nicename`='',`user_email`='87@qq.com',`user_url`='',`avatar`=NULL,`sex`='0',`birthday`=NULL,`signature`=NULL,`last_login_ip`='121.18.119.230',`last_login_time`='2017-06-26 11:07:42',`create_time`='2000-01-01 00:00:00',`user_activation_key`='',`user_status`='1',`score`='0',`user_type`='1' WHERE `id` = '87' [ RunTime:0.0000s ]

[ 2017-06-26T11:21:40+08:00 ] 121.18.119.230 /index.php?g=Admin&m=public&a=dologin
INFO: [ app_begin ] --START--
INFO: Run Behavior\ReadHtmlCacheBehavior [ RunTime:0.000000s ]
INFO: Run Behavior\CheckLangBehavior [ RunTime:0.000000s ]
INFO: [ app_begin ] --END-- [ RunTime:0.000000s ]
SQL: SHOW COLUMNS FROM `sp_users` [ RunTime:0.0000s ]
SQL: SELECT * FROM `sp_users` WHERE `user_login` = '总工会' LIMIT 1   [ RunTime:0.0000s ]
SQL: SHOW COLUMNS FROM `sp_role_user` [ RunTime:0.0000s ]
SQL: SELECT `role_id` FROM sp_role_user a INNER JOIN sp_role as b on a.role_id =b.id  WHERE `user_id` = '76' AND `status` = 1  [ RunTime:0.0000s ]
SQL: UPDATE `sp_users` SET `user_login`='总工会',`user_pass`='c535018ee9469e632425614686ec7845a011088f015f89af',`user_nicename`='',`user_email`='76@qq.com',`user_url`='',`avatar`=NULL,`sex`='0',`birthday`=NULL,`signature`=NULL,`last_login_ip`='121.18.119.230',`last_login_time`='2017-06-26 11:21:40',`create_time`='2000-01-01 00:00:00',`user_activation_key`='',`user_status`='1',`score`='0',`user_type`='1' WHERE `id` = '76' [ RunTime:0.0000s ]

[ 2017-06-26T11:39:27+08:00 ] 121.18.119.230 /index.php?g=Admin&m=public&a=dologin
INFO: [ app_begin ] --START--
INFO: Run Behavior\ReadHtmlCacheBehavior [ RunTime:0.000000s ]
INFO: Run Behavior\CheckLangBehavior [ RunTime:0.000000s ]
INFO: [ app_begin ] --END-- [ RunTime:0.000000s ]
SQL: SHOW COLUMNS FROM `sp_users` [ RunTime:0.0000s ]
SQL: SELECT * FROM `sp_users` WHERE `user_login` = '团委' LIMIT 1   [ RunTime:0.0000s ]
SQL: SHOW COLUMNS FROM `sp_role_user` [ RunTime:0.0000s ]
SQL: SELECT `role_id` FROM sp_role_user a INNER JOIN sp_role as b on a.role_id =b.id  WHERE `user_id` = '77' AND `status` = 1  [ RunTime:0.0000s ]
SQL: UPDATE `sp_users` SET `user_login`='团委',`user_pass`='c535018ee946255a5cac7685572274d02f04c37be77189af',`user_nicename`='',`user_email`='77@qq.com',`user_url`='',`avatar`=NULL,`sex`='0',`birthday`=NULL,`signature`=NULL,`last_login_ip`='121.18.119.230',`last_login_time`='2017-06-26 11:39:27',`create_time`='2000-01-01 00:00:00',`user_activation_key`='',`user_status`='1',`score`='0',`user_type`='1' WHERE `id` = '77' [ RunTime:0.0156s ]

[ 2017-06-26T14:54:18+08:00 ] 121.18.119.230 /index.php?g=Admin&m=public&a=dologin
INFO: [ app_begin ] --START--
INFO: Run Behavior\ReadHtmlCacheBehavior [ RunTime:0.000000s ]
INFO: Run Behavior\CheckLangBehavior [ RunTime:0.000000s ]
INFO: [ app_begin ] --END-- [ RunTime:0.000000s ]
SQL: SHOW COLUMNS FROM `sp_users` [ RunTime:0.0000s ]
SQL: SELECT * FROM `sp_users` WHERE `user_login` = '妇联' LIMIT 1   [ RunTime:0.0000s ]
SQL: SHOW COLUMNS FROM `sp_role_user` [ RunTime:0.0000s ]
SQL: SELECT `role_id` FROM sp_role_user a INNER JOIN sp_role as b on a.role_id =b.id  WHERE `user_id` = '78' AND `status` = 1  [ RunTime:0.0000s ]
SQL: UPDATE `sp_users` SET `user_login`='妇联',`user_pass`='c535018ee9463d296788f2a7e19ffbd912521d94a5f489af',`user_nicename`='',`user_email`='78@qq.com',`user_url`='',`avatar`=NULL,`sex`='0',`birthday`=NULL,`signature`=NULL,`last_login_ip`='121.18.119.230',`last_login_time`='2017-06-26 14:54:18',`create_time`='2000-01-01 00:00:00',`user_activation_key`='',`user_status`='1',`score`='0',`user_type`='1' WHERE `id` = '78' [ RunTime:0.0000s ]

[ 2017-06-26T15:16:28+08:00 ] 121.18.119.230 /index.php?g=Admin&m=public&a=dologin
INFO: [ app_begin ] --START--
INFO: Run Behavior\ReadHtmlCacheBehavior [ RunTime:0.000000s ]
INFO: Run Behavior\CheckLangBehavior [ RunTime:0.000000s ]
INFO: [ app_begin ] --END-- [ RunTime:0.000000s ]
SQL: SHOW COLUMNS FROM `sp_users` [ RunTime:0.0000s ]
SQL: SELECT * FROM `sp_users` WHERE `user_login` = '文联' LIMIT 1   [ RunTime:0.0000s ]
SQL: SHOW COLUMNS FROM `sp_role_user` [ RunTime:0.0000s ]
SQL: SELECT `role_id` FROM sp_role_user a INNER JOIN sp_role as b on a.role_id =b.id  WHERE `user_id` = '79' AND `status` = 1  [ RunTime:0.0000s ]
SQL: UPDATE `sp_users` SET `user_login`='文联',`user_pass`='c535018ee9467fde9a45d4629dc4647d6f6345e00b5389af',`user_nicename`='',`user_email`='79@qq.com',`user_url`='',`avatar`=NULL,`sex`='0',`birthday`=NULL,`signature`=NULL,`last_login_ip`='121.18.119.230',`last_login_time`='2017-06-26 15:16:28',`create_time`='2000-01-01 00:00:00',`user_activation_key`='',`user_status`='1',`score`='0',`user_type`='1' WHERE `id` = '79' [ RunTime:0.0000s ]

[ 2017-06-26T15:20:45+08:00 ] 121.18.119.230 /index.php?g=Admin&m=public&a=dologin
INFO: [ app_begin ] --START--
INFO: Run Behavior\ReadHtmlCacheBehavior [ RunTime:0.000000s ]
INFO: Run Behavior\CheckLangBehavior [ RunTime:0.000000s ]
INFO: [ app_begin ] --END-- [ RunTime:0.000000s ]
SQL: SHOW COLUMNS FROM `sp_users` [ RunTime:0.0000s ]
SQL: SELECT * FROM `sp_users` WHERE `user_login` = '环保局' LIMIT 1   [ RunTime:0.0000s ]
SQL: SHOW COLUMNS FROM `sp_role_user` [ RunTime:0.0000s ]
SQL: SELECT `role_id` FROM sp_role_user a INNER JOIN sp_role as b on a.role_id =b.id  WHERE `user_id` = '73' AND `status` = 1  [ RunTime:0.0000s ]
SQL: UPDATE `sp_users` SET `user_login`='环保局',`user_pass`='c535018ee946883d1058aa6a2930c0eaf0c69fb65b7289af',`user_nicename`='',`user_email`='73@qq.com',`user_url`='',`avatar`=NULL,`sex`='0',`birthday`=NULL,`signature`=NULL,`last_login_ip`='121.18.119.230',`last_login_time`='2017-06-26 15:20:45',`create_time`='2000-01-01 00:00:00',`user_activation_key`='',`user_status`='1',`score`='0',`user_type`='1' WHERE `id` = '73' [ RunTime:0.0000s ]

[ 2017-06-26T15:22:01+08:00 ] 121.18.119.230 /index.php?g=Admin&m=public&a=dologin
INFO: [ app_begin ] --START--
INFO: Run Behavior\ReadHtmlCacheBehavior [ RunTime:0.000000s ]
INFO: Run Behavior\CheckLangBehavior [ RunTime:0.000000s ]
INFO: [ app_begin ] --END-- [ RunTime:0.000000s ]
SQL: SHOW COLUMNS FROM `sp_users` [ RunTime:0.0000s ]
SQL: SELECT * FROM `sp_users` WHERE `user_login` = '商务局' LIMIT 1   [ RunTime:0.0000s ]
SQL: SHOW COLUMNS FROM `sp_role_user` [ RunTime:0.0000s ]
SQL: SELECT `role_id` FROM sp_role_user a INNER JOIN sp_role as b on a.role_id =b.id  WHERE `user_id` = '75' AND `status` = 1  [ RunTime:0.0000s ]
SQL: UPDATE `sp_users` SET `user_login`='商务局',`user_pass`='c535018ee9468e1add1eb5692a5edfddda28cf9a1d8589af',`user_nicename`='',`user_email`='75@qq.com',`user_url`='',`avatar`=NULL,`sex`='0',`birthday`=NULL,`signature`=NULL,`last_login_ip`='121.18.119.230',`last_login_time`='2017-06-26 15:22:01',`create_time`='2000-01-01 00:00:00',`user_activation_key`='',`user_status`='1',`score`='0',`user_type`='1' WHERE `id` = '75' [ RunTime:0.0000s ]

[ 2017-06-26T15:23:53+08:00 ] 121.18.119.230 /index.php?g=Admin&m=public&a=dologin
INFO: [ app_begin ] --START--
INFO: Run Behavior\ReadHtmlCacheBehavior [ RunTime:0.000000s ]
INFO: Run Behavior\CheckLangBehavior [ RunTime:0.000000s ]
INFO: [ app_begin ] --END-- [ RunTime:0.000000s ]
SQL: SHOW COLUMNS FROM `sp_users` [ RunTime:0.0000s ]
SQL: SELECT * FROM `sp_users` WHERE `user_login` = '团委' LIMIT 1   [ RunTime:0.0000s ]
SQL: SHOW COLUMNS FROM `sp_role_user` [ RunTime:0.0000s ]
SQL: SELECT `role_id` FROM sp_role_user a INNER JOIN sp_role as b on a.role_id =b.id  WHERE `user_id` = '77' AND `status` = 1  [ RunTime:0.0000s ]
SQL: UPDATE `sp_users` SET `user_login`='团委',`user_pass`='c535018ee946255a5cac7685572274d02f04c37be77189af',`user_nicename`='',`user_email`='77@qq.com',`user_url`='',`avatar`=NULL,`sex`='0',`birthday`=NULL,`signature`=NULL,`last_login_ip`='121.18.119.230',`last_login_time`='2017-06-26 15:23:53',`create_time`='2000-01-01 00:00:00',`user_activation_key`='',`user_status`='1',`score`='0',`user_type`='1' WHERE `id` = '77' [ RunTime:0.0000s ]

[ 2017-06-26T15:25:17+08:00 ] 121.18.119.230 /index.php?g=Admin&m=public&a=dologin
INFO: [ app_begin ] --START--
INFO: Run Behavior\ReadHtmlCacheBehavior [ RunTime:0.015625s ]
INFO: Run Behavior\CheckLangBehavior [ RunTime:0.000000s ]
INFO: [ app_begin ] --END-- [ RunTime:0.015625s ]
SQL: SHOW COLUMNS FROM `sp_users` [ RunTime:0.0000s ]
SQL: SELECT * FROM `sp_users` WHERE `user_login` = '总工会' LIMIT 1   [ RunTime:0.0000s ]
SQL: SHOW COLUMNS FROM `sp_role_user` [ RunTime:0.0000s ]
SQL: SELECT `role_id` FROM sp_role_user a INNER JOIN sp_role as b on a.role_id =b.id  WHERE `user_id` = '76' AND `status` = 1  [ RunTime:0.0000s ]
SQL: UPDATE `sp_users` SET `user_login`='总工会',`user_pass`='c535018ee9469e632425614686ec7845a011088f015f89af',`user_nicename`='',`user_email`='76@qq.com',`user_url`='',`avatar`=NULL,`sex`='0',`birthday`=NULL,`signature`=NULL,`last_login_ip`='121.18.119.230',`last_login_time`='2017-06-26 15:25:17',`create_time`='2000-01-01 00:00:00',`user_activation_key`='',`user_status`='1',`score`='0',`user_type`='1' WHERE `id` = '76' [ RunTime:0.0000s ]

[ 2017-06-26T15:42:09+08:00 ] 121.18.119.230 /index.php?g=Admin&m=public&a=dologin
INFO: [ app_begin ] --START--
INFO: Run Behavior\ReadHtmlCacheBehavior [ RunTime:0.000000s ]
INFO: Run Behavior\CheckLangBehavior [ RunTime:0.000000s ]
INFO: [ app_begin ] --END-- [ RunTime:0.000000s ]
SQL: SHOW COLUMNS FROM `sp_users` [ RunTime:0.0000s ]
SQL: SELECT * FROM `sp_users` WHERE `user_login` = '科协' LIMIT 1   [ RunTime:0.0000s ]
SQL: SHOW COLUMNS FROM `sp_role_user` [ RunTime:0.0000s ]
SQL: SELECT `role_id` FROM sp_role_user a INNER JOIN sp_role as b on a.role_id =b.id  WHERE `user_id` = '80' AND `status` = 1  [ RunTime:0.0000s ]
SQL: UPDATE `sp_users` SET `user_login`='科协',`user_pass`='c535018ee9467cd783981c6e1d370e89a87ea7f609f189af',`user_nicename`='',`user_email`='80@qq.com',`user_url`='',`avatar`=NULL,`sex`='0',`birthday`=NULL,`signature`=NULL,`last_login_ip`='121.18.119.230',`last_login_time`='2017-06-26 15:42:09',`create_time`='2000-01-01 00:00:00',`user_activation_key`='',`user_status`='1',`score`='0',`user_type`='1' WHERE `id` = '80' [ RunTime:0.0000s ]

