[ 2017-06-09T09:04:08+08:00 ] 121.18.119.230 /index.php?g=Admin&m=public&a=dologin
INFO: [ app_begin ] --START--
INFO: Run Behavior\ReadHtmlCacheBehavior [ RunTime:0.000000s ]
INFO: Run Behavior\CheckLangBehavior [ RunTime:0.000000s ]
INFO: [ app_begin ] --END-- [ RunTime:0.000000s ]
SQL: SHOW COLUMNS FROM `sp_users` [ RunTime:0.0000s ]
SQL: SELECT * FROM `sp_users` WHERE `user_login` = '法院' LIMIT 1   [ RunTime:0.0000s ]
SQL: SHOW COLUMNS FROM `sp_role_user` [ RunTime:0.0000s ]
SQL: SELECT `role_id` FROM sp_role_user a INNER JOIN sp_role as b on a.role_id =b.id  WHERE `user_id` = '5' AND `status` = 1  [ RunTime:0.0000s ]
SQL: UPDATE `sp_users` SET `user_login`='法院',`user_pass`='c535018ee946263ed3ca689addde40e4ee6150c611d389af',`user_nicename`='',`user_email`='12@qq.com',`user_url`='',`avatar`=NULL,`sex`='0',`birthday`=NULL,`signature`=NULL,`last_login_ip`='121.18.119.230',`last_login_time`='2017-06-09 09:04:08',`create_time`='2000-01-01 00:00:00',`user_activation_key`='',`user_status`='1',`score`='0',`user_type`='1' WHERE `id` = '5' [ RunTime:0.0000s ]

[ 2017-06-09T09:09:44+08:00 ] 121.18.119.230 /index.php?g=Admin&m=public&a=dologin
INFO: [ app_begin ] --START--
INFO: Run Behavior\ReadHtmlCacheBehavior [ RunTime:0.000000s ]
INFO: Run Behavior\CheckLangBehavior [ RunTime:0.000000s ]
INFO: [ app_begin ] --END-- [ RunTime:0.000000s ]
SQL: SHOW COLUMNS FROM `sp_users` [ RunTime:0.0000s ]
SQL: SELECT * FROM `sp_users` WHERE `user_login` = '技工学校' LIMIT 1   [ RunTime:0.0000s ]
SQL: SHOW COLUMNS FROM `sp_role_user` [ RunTime:0.0156s ]
SQL: SELECT `role_id` FROM sp_role_user a INNER JOIN sp_role as b on a.role_id =b.id  WHERE `user_id` = '35' AND `status` = 1  [ RunTime:0.0000s ]
SQL: UPDATE `sp_users` SET `user_login`='技工学校',`user_pass`='c535018ee946ac1bcae3f359c8f9a5c6524f248ae5fa89af',`user_nicename`='',`user_email`='35@qq.com',`user_url`='',`avatar`=NULL,`sex`='0',`birthday`=NULL,`signature`=NULL,`last_login_ip`='121.18.119.230',`last_login_time`='2017-06-09 09:09:44',`create_time`='2000-01-01 00:00:00',`user_activation_key`='',`user_status`='1',`score`='0',`user_type`='1' WHERE `id` = '35' [ RunTime:0.0000s ]

[ 2017-06-09T09:50:50+08:00 ] 121.18.119.230 /index.php?g=Admin&m=public&a=dologin
INFO: [ app_begin ] --START--
INFO: Run Behavior\ReadHtmlCacheBehavior [ RunTime:0.000000s ]
INFO: Run Behavior\CheckLangBehavior [ RunTime:0.000000s ]
INFO: [ app_begin ] --END-- [ RunTime:0.000000s ]
SQL: SHOW COLUMNS FROM `sp_users` [ RunTime:0.0000s ]
SQL: SELECT * FROM `sp_users` WHERE `user_login` = '职介中心' LIMIT 1   [ RunTime:0.0000s ]
SQL: SHOW COLUMNS FROM `sp_role_user` [ RunTime:0.0000s ]
SQL: SELECT `role_id` FROM sp_role_user a INNER JOIN sp_role as b on a.role_id =b.id  WHERE `user_id` = '42' AND `status` = 1  [ RunTime:0.0000s ]
SQL: UPDATE `sp_users` SET `user_login`='职介中心',`user_pass`='c535018ee9464800abcd399d1cd4c5a82c9daa96ad1589af',`user_nicename`='',`user_email`='42@qq.com',`user_url`='',`avatar`=NULL,`sex`='0',`birthday`=NULL,`signature`=NULL,`last_login_ip`='121.18.119.230',`last_login_time`='2017-06-09 09:50:50',`create_time`='2000-01-01 00:00:00',`user_activation_key`='',`user_status`='1',`score`='0',`user_type`='1' WHERE `id` = '42' [ RunTime:0.0000s ]

[ 2017-06-09T10:03:11+08:00 ] 121.18.119.230 /index.php?g=Admin&m=public&a=dologin
INFO: [ app_begin ] --START--
INFO: Run Behavior\ReadHtmlCacheBehavior [ RunTime:0.000000s ]
INFO: Run Behavior\CheckLangBehavior [ RunTime:0.000000s ]
INFO: [ app_begin ] --END-- [ RunTime:0.000000s ]
SQL: SHOW COLUMNS FROM `sp_users` [ RunTime:0.0000s ]
SQL: SELECT * FROM `sp_users` WHERE `user_login` = '发改局' LIMIT 1   [ RunTime:0.0000s ]
SQL: SHOW COLUMNS FROM `sp_role_user` [ RunTime:0.0000s ]
SQL: SELECT `role_id` FROM sp_role_user a INNER JOIN sp_role as b on a.role_id =b.id  WHERE `user_id` = '25' AND `status` = 1  [ RunTime:0.0000s ]
SQL: UPDATE `sp_users` SET `user_login`='发改局',`user_pass`='c535018ee9468c195ce8d964ca99939f360cea8915f589af',`user_nicename`='',`user_email`='25@qq.com',`user_url`='',`avatar`=NULL,`sex`='0',`birthday`=NULL,`signature`=NULL,`last_login_ip`='121.18.119.230',`last_login_time`='2017-06-09 10:03:11',`create_time`='2000-01-01 00:00:00',`user_activation_key`='',`user_status`='1',`score`='0',`user_type`='1' WHERE `id` = '25' [ RunTime:0.0000s ]

[ 2017-06-09T10:06:41+08:00 ] 121.18.119.230 /index.php?g=Admin&m=public&a=dologin
INFO: [ app_begin ] --START--
INFO: Run Behavior\ReadHtmlCacheBehavior [ RunTime:0.000000s ]
INFO: Run Behavior\CheckLangBehavior [ RunTime:0.000000s ]
INFO: [ app_begin ] --END-- [ RunTime:0.000000s ]
SQL: SHOW COLUMNS FROM `sp_users` [ RunTime:0.0000s ]
SQL: SELECT * FROM `sp_users` WHERE `user_login` = '水利局' LIMIT 1   [ RunTime:0.0000s ]
SQL: SHOW COLUMNS FROM `sp_role_user` [ RunTime:0.0000s ]
SQL: SELECT `role_id` FROM sp_role_user a INNER JOIN sp_role as b on a.role_id =b.id  WHERE `user_id` = '48' AND `status` = 1  [ RunTime:0.0000s ]
SQL: UPDATE `sp_users` SET `user_login`='水利局',`user_pass`='c535018ee946b7ecca4d056f6c7aac55d886b801d9c789af',`user_nicename`='',`user_email`='48@qq.com',`user_url`='',`avatar`=NULL,`sex`='0',`birthday`=NULL,`signature`=NULL,`last_login_ip`='121.18.119.230',`last_login_time`='2017-06-09 10:06:41',`create_time`='2000-01-01 00:00:00',`user_activation_key`='',`user_status`='1',`score`='0',`user_type`='1' WHERE `id` = '48' [ RunTime:0.0000s ]

[ 2017-06-09T10:36:49+08:00 ] 121.18.119.230 /index.php?g=Admin&m=public&a=dologin
INFO: [ app_begin ] --START--
INFO: Run Behavior\ReadHtmlCacheBehavior [ RunTime:0.000000s ]
INFO: Run Behavior\CheckLangBehavior [ RunTime:0.000000s ]
INFO: [ app_begin ] --END-- [ RunTime:0.000000s ]
SQL: SHOW COLUMNS FROM `sp_users` [ RunTime:0.0000s ]
SQL: SELECT * FROM `sp_users` WHERE `user_login` = '周村镇' LIMIT 1   [ RunTime:0.0000s ]
SQL: SHOW COLUMNS FROM `sp_role_user` [ RunTime:0.0000s ]
SQL: SELECT `role_id` FROM sp_role_user a INNER JOIN sp_role as b on a.role_id =b.id  WHERE `user_id` = '105' AND `status` = 1  [ RunTime:0.0000s ]
SQL: UPDATE `sp_users` SET `user_login`='周村镇',`user_pass`='c535018ee94664bfeeec59623c865da6511a3165e5d989af',`user_nicename`='',`user_email`='108@qq.com',`user_url`='',`avatar`=NULL,`sex`='0',`birthday`=NULL,`signature`=NULL,`last_login_ip`='121.18.119.230',`last_login_time`='2017-06-09 10:36:49',`create_time`='2000-01-01 00:00:00',`user_activation_key`='',`user_status`='1',`score`='0',`user_type`='1' WHERE `id` = '105' [ RunTime:0.0000s ]

[ 2017-06-09T10:39:22+08:00 ] 121.18.119.230 /index.php?g=Admin&m=public&a=dologin
INFO: [ app_begin ] --START--
INFO: Run Behavior\ReadHtmlCacheBehavior [ RunTime:0.000000s ]
INFO: Run Behavior\CheckLangBehavior [ RunTime:0.000000s ]
INFO: [ app_begin ] --END-- [ RunTime:0.000000s ]
SQL: SHOW COLUMNS FROM `sp_users` [ RunTime:0.0000s ]
SQL: SELECT * FROM `sp_users` WHERE `user_login` = '大鹿庄乡' LIMIT 1   [ RunTime:0.0000s ]
SQL: SHOW COLUMNS FROM `sp_role_user` [ RunTime:0.0000s ]
SQL: SELECT `role_id` FROM sp_role_user a INNER JOIN sp_role as b on a.role_id =b.id  WHERE `user_id` = '96' AND `status` = 1  [ RunTime:0.0000s ]
SQL: UPDATE `sp_users` SET `user_login`='大鹿庄乡',`user_pass`='c535018ee946a3538747fa421fc41ed154f6d8c0ac8389af',`user_nicename`='',`user_email`='99@qq.com',`user_url`='',`avatar`=NULL,`sex`='0',`birthday`=NULL,`signature`=NULL,`last_login_ip`='121.18.119.230',`last_login_time`='2017-06-09 10:39:22',`create_time`='2000-01-01 00:00:00',`user_activation_key`='',`user_status`='1',`score`='0',`user_type`='1' WHERE `id` = '96' [ RunTime:0.0000s ]

[ 2017-06-09T10:53:18+08:00 ] 121.18.119.230 /index.php?g=Admin&m=public&a=dologin
INFO: [ app_begin ] --START--
INFO: Run Behavior\ReadHtmlCacheBehavior [ RunTime:0.000000s ]
INFO: Run Behavior\CheckLangBehavior [ RunTime:0.000000s ]
INFO: [ app_begin ] --END-- [ RunTime:0.000000s ]

[ 2017-06-09T10:53:29+08:00 ] 121.18.119.230 /index.php?g=Admin&m=public&a=dologin
INFO: [ app_begin ] --START--
INFO: Run Behavior\ReadHtmlCacheBehavior [ RunTime:0.000000s ]
INFO: Run Behavior\CheckLangBehavior [ RunTime:0.000000s ]
INFO: [ app_begin ] --END-- [ RunTime:0.000000s ]
SQL: SHOW COLUMNS FROM `sp_users` [ RunTime:0.0000s ]
SQL: SELECT * FROM `sp_users` WHERE `user_login` = '庞村镇' LIMIT 1   [ RunTime:0.0000s ]
SQL: SHOW COLUMNS FROM `sp_role_user` [ RunTime:0.0000s ]
SQL: SELECT `role_id` FROM sp_role_user a INNER JOIN sp_role as b on a.role_id =b.id  WHERE `user_id` = '102' AND `status` = 1  [ RunTime:0.0000s ]
SQL: UPDATE `sp_users` SET `user_login`='庞村镇',`user_pass`='c535018ee946e32f8b30f74d39542c25fc9f0c544d4289af',`user_nicename`='',`user_email`='105@qq.com',`user_url`='',`avatar`=NULL,`sex`='0',`birthday`=NULL,`signature`=NULL,`last_login_ip`='121.18.119.230',`last_login_time`='2017-06-09 10:53:29',`create_time`='2000-01-01 00:00:00',`user_activation_key`='',`user_status`='1',`score`='0',`user_type`='1' WHERE `id` = '102' [ RunTime:0.0000s ]

[ 2017-06-09T10:56:29+08:00 ] 121.18.119.230 /index.php?g=Admin&m=public&a=dologin
INFO: [ app_begin ] --START--
INFO: Run Behavior\ReadHtmlCacheBehavior [ RunTime:0.000000s ]
INFO: Run Behavior\CheckLangBehavior [ RunTime:0.000000s ]
INFO: [ app_begin ] --END-- [ RunTime:0.000000s ]
SQL: SHOW COLUMNS FROM `sp_users` [ RunTime:0.0000s ]
SQL: SELECT * FROM `sp_users` WHERE `user_login` = '号头庄乡' LIMIT 1   [ RunTime:0.0000s ]
SQL: SHOW COLUMNS FROM `sp_role_user` [ RunTime:0.0000s ]
SQL: SELECT `role_id` FROM sp_role_user a INNER JOIN sp_role as b on a.role_id =b.id  WHERE `user_id` = '107' AND `status` = 1  [ RunTime:0.0156s ]
SQL: UPDATE `sp_users` SET `user_login`='号头庄乡',`user_pass`='c535018ee9463f2820b283534970bbac58d8338b8f9789af',`user_nicename`='',`user_email`='110@qq.com',`user_url`='',`avatar`=NULL,`sex`='0',`birthday`=NULL,`signature`=NULL,`last_login_ip`='121.18.119.230',`last_login_time`='2017-06-09 10:56:29',`create_time`='2000-01-01 00:00:00',`user_activation_key`='',`user_status`='1',`score`='0',`user_type`='1' WHERE `id` = '107' [ RunTime:0.0000s ]

[ 2017-06-09T11:16:29+08:00 ] 121.18.119.230 /index.php?g=Admin&m=public&a=dologin
INFO: [ app_begin ] --START--
INFO: Run Behavior\ReadHtmlCacheBehavior [ RunTime:0.000000s ]
INFO: Run Behavior\CheckLangBehavior [ RunTime:0.000000s ]
INFO: [ app_begin ] --END-- [ RunTime:0.000000s ]

[ 2017-06-09T11:16:34+08:00 ] 121.18.119.230 /index.php?g=Admin&m=public&a=dologin
INFO: [ app_begin ] --START--
INFO: Run Behavior\ReadHtmlCacheBehavior [ RunTime:0.000000s ]
INFO: Run Behavior\CheckLangBehavior [ RunTime:0.000000s ]
INFO: [ app_begin ] --END-- [ RunTime:0.000000s ]
SQL: SHOW COLUMNS FROM `sp_users` [ RunTime:0.0000s ]
SQL: SELECT * FROM `sp_users` WHERE `user_login` = '高蓬镇' LIMIT 1   [ RunTime:0.0156s ]
SQL: SHOW COLUMNS FROM `sp_role_user` [ RunTime:0.0000s ]
SQL: SELECT `role_id` FROM sp_role_user a INNER JOIN sp_role as b on a.role_id =b.id  WHERE `user_id` = '111' AND `status` = 1  [ RunTime:0.0000s ]
SQL: UPDATE `sp_users` SET `user_login`='高蓬镇',`user_pass`='c535018ee9460e279a1f4d8fbb5ba16498c86ac9aa0a89af',`user_nicename`='',`user_email`='115@qq.com',`user_url`='',`avatar`=NULL,`sex`='0',`birthday`=NULL,`signature`=NULL,`last_login_ip`='121.18.119.230',`last_login_time`='2017-06-09 11:16:34',`create_time`='2000-01-01 00:00:00',`user_activation_key`='',`user_status`='1',`score`='0',`user_type`='1' WHERE `id` = '111' [ RunTime:0.0000s ]

[ 2017-06-09T14:45:00+08:00 ] 222.222.140.197 /index.php?g=Admin&m=public&a=dologin
INFO: [ app_begin ] --START--
INFO: Run Behavior\ReadHtmlCacheBehavior [ RunTime:0.000000s ]
INFO: Run Behavior\CheckLangBehavior [ RunTime:0.000000s ]
INFO: [ app_begin ] --END-- [ RunTime:0.000000s ]
SQL: SHOW COLUMNS FROM `sp_users` [ RunTime:0.0000s ]
SQL: SELECT * FROM `sp_users` WHERE `user_login` = '科技局' LIMIT 1   [ RunTime:0.0000s ]
SQL: SHOW COLUMNS FROM `sp_role_user` [ RunTime:0.0156s ]
SQL: SELECT `role_id` FROM sp_role_user a INNER JOIN sp_role as b on a.role_id =b.id  WHERE `user_id` = '26' AND `status` = 1  [ RunTime:0.0000s ]
SQL: UPDATE `sp_users` SET `user_login`='科技局',`user_pass`='c535018ee946b3a73fbedd32a7f69daeafaa8c3d95aa89af',`user_nicename`='',`user_email`='26@qq.com',`user_url`='',`avatar`=NULL,`sex`='0',`birthday`=NULL,`signature`=NULL,`last_login_ip`='222.222.140.197',`last_login_time`='2017-06-09 14:45:00',`create_time`='2000-01-01 00:00:00',`user_activation_key`='',`user_status`='1',`score`='0',`user_type`='1' WHERE `id` = '26' [ RunTime:0.0000s ]

[ 2017-06-09T15:14:57+08:00 ] 121.18.119.230 /index.php?g=Admin&m=public&a=dologin
INFO: [ app_begin ] --START--
INFO: Run Behavior\ReadHtmlCacheBehavior [ RunTime:0.000000s ]
INFO: Run Behavior\CheckLangBehavior [ RunTime:0.000000s ]
INFO: [ app_begin ] --END-- [ RunTime:0.000000s ]
SQL: SHOW COLUMNS FROM `sp_users` [ RunTime:0.0156s ]
SQL: SELECT * FROM `sp_users` WHERE `user_login` = '科技局' LIMIT 1   [ RunTime:0.0000s ]
SQL: SHOW COLUMNS FROM `sp_role_user` [ RunTime:0.0000s ]
SQL: SELECT `role_id` FROM sp_role_user a INNER JOIN sp_role as b on a.role_id =b.id  WHERE `user_id` = '26' AND `status` = 1  [ RunTime:0.0000s ]
SQL: UPDATE `sp_users` SET `user_login`='科技局',`user_pass`='c535018ee946b3a73fbedd32a7f69daeafaa8c3d95aa89af',`user_nicename`='',`user_email`='26@qq.com',`user_url`='',`avatar`=NULL,`sex`='0',`birthday`=NULL,`signature`=NULL,`last_login_ip`='121.18.119.230',`last_login_time`='2017-06-09 15:14:57',`create_time`='2000-01-01 00:00:00',`user_activation_key`='',`user_status`='1',`score`='0',`user_type`='1' WHERE `id` = '26' [ RunTime:0.0000s ]

[ 2017-06-09T15:15:37+08:00 ] 121.18.119.230 /index.php?g=Admin&m=public&a=dologin
INFO: [ app_begin ] --START--
INFO: Run Behavior\ReadHtmlCacheBehavior [ RunTime:0.000000s ]
INFO: Run Behavior\CheckLangBehavior [ RunTime:0.000000s ]
INFO: [ app_begin ] --END-- [ RunTime:0.000000s ]

[ 2017-06-09T15:15:43+08:00 ] 121.18.119.230 /index.php?g=Admin&m=public&a=dologin
INFO: [ app_begin ] --START--
INFO: Run Behavior\ReadHtmlCacheBehavior [ RunTime:0.000000s ]
INFO: Run Behavior\CheckLangBehavior [ RunTime:0.000000s ]
INFO: [ app_begin ] --END-- [ RunTime:0.000000s ]

[ 2017-06-09T15:15:55+08:00 ] 121.18.119.230 /index.php?g=Admin&m=public&a=dologin
INFO: [ app_begin ] --START--
INFO: Run Behavior\ReadHtmlCacheBehavior [ RunTime:0.000000s ]
INFO: Run Behavior\CheckLangBehavior [ RunTime:0.000000s ]
INFO: [ app_begin ] --END-- [ RunTime:0.000000s ]
SQL: SHOW COLUMNS FROM `sp_users` [ RunTime:0.0156s ]
SQL: SELECT * FROM `sp_users` WHERE `user_login` = '科技局' LIMIT 1   [ RunTime:0.0000s ]
SQL: SHOW COLUMNS FROM `sp_role_user` [ RunTime:0.0000s ]
SQL: SELECT `role_id` FROM sp_role_user a INNER JOIN sp_role as b on a.role_id =b.id  WHERE `user_id` = '26' AND `status` = 1  [ RunTime:0.0000s ]
SQL: UPDATE `sp_users` SET `user_login`='科技局',`user_pass`='c535018ee946b3a73fbedd32a7f69daeafaa8c3d95aa89af',`user_nicename`='',`user_email`='26@qq.com',`user_url`='',`avatar`=NULL,`sex`='0',`birthday`=NULL,`signature`=NULL,`last_login_ip`='121.18.119.230',`last_login_time`='2017-06-09 15:15:55',`create_time`='2000-01-01 00:00:00',`user_activation_key`='',`user_status`='1',`score`='0',`user_type`='1' WHERE `id` = '26' [ RunTime:0.0000s ]

[ 2017-06-09T15:34:48+08:00 ] 222.222.140.197 /index.php?g=Admin&m=public&a=dologin
INFO: [ app_begin ] --START--
INFO: Run Behavior\ReadHtmlCacheBehavior [ RunTime:0.000000s ]
INFO: Run Behavior\CheckLangBehavior [ RunTime:0.000000s ]
INFO: [ app_begin ] --END-- [ RunTime:0.000000s ]
SQL: SHOW COLUMNS FROM `sp_users` [ RunTime:0.0000s ]
SQL: SELECT * FROM `sp_users` WHERE `user_login` = '科技局' LIMIT 1   [ RunTime:0.0000s ]
SQL: SHOW COLUMNS FROM `sp_role_user` [ RunTime:0.0000s ]
SQL: SELECT `role_id` FROM sp_role_user a INNER JOIN sp_role as b on a.role_id =b.id  WHERE `user_id` = '26' AND `status` = 1  [ RunTime:0.0000s ]
SQL: UPDATE `sp_users` SET `user_login`='科技局',`user_pass`='c535018ee946b3a73fbedd32a7f69daeafaa8c3d95aa89af',`user_nicename`='',`user_email`='26@qq.com',`user_url`='',`avatar`=NULL,`sex`='0',`birthday`=NULL,`signature`=NULL,`last_login_ip`='222.222.140.197',`last_login_time`='2017-06-09 15:34:48',`create_time`='2000-01-01 00:00:00',`user_activation_key`='',`user_status`='1',`score`='0',`user_type`='1' WHERE `id` = '26' [ RunTime:0.0000s ]

[ 2017-06-09T15:40:54+08:00 ] 121.18.119.230 /index.php?g=Admin&m=public&a=dologin
INFO: [ app_begin ] --START--
INFO: Run Behavior\ReadHtmlCacheBehavior [ RunTime:0.000000s ]
INFO: Run Behavior\CheckLangBehavior [ RunTime:0.000000s ]
INFO: [ app_begin ] --END-- [ RunTime:0.000000s ]
SQL: SHOW COLUMNS FROM `sp_users` [ RunTime:0.0000s ]
SQL: SELECT * FROM `sp_users` WHERE `user_login` = '市社' LIMIT 1   [ RunTime:0.0000s ]
SQL: SHOW COLUMNS FROM `sp_role_user` [ RunTime:0.0000s ]
SQL: SELECT `role_id` FROM sp_role_user a INNER JOIN sp_role as b on a.role_id =b.id  WHERE `user_id` = '87' AND `status` = 1  [ RunTime:0.0000s ]
SQL: UPDATE `sp_users` SET `user_login`='市社',`user_pass`='c535018ee9463691308f2a4c2f6983f2880d32e29c8489af',`user_nicename`='',`user_email`='87@qq.com',`user_url`='',`avatar`=NULL,`sex`='0',`birthday`=NULL,`signature`=NULL,`last_login_ip`='121.18.119.230',`last_login_time`='2017-06-09 15:40:54',`create_time`='2000-01-01 00:00:00',`user_activation_key`='',`user_status`='1',`score`='0',`user_type`='1' WHERE `id` = '87' [ RunTime:0.0000s ]

[ 2017-06-09T16:06:29+08:00 ] 121.18.119.230 /index.php?g=Admin&m=public&a=dologin
INFO: [ app_begin ] --START--
INFO: Run Behavior\ReadHtmlCacheBehavior [ RunTime:0.000000s ]
INFO: Run Behavior\CheckLangBehavior [ RunTime:0.015625s ]
INFO: [ app_begin ] --END-- [ RunTime:0.015625s ]
SQL: SHOW COLUMNS FROM `sp_users` [ RunTime:0.0000s ]
SQL: SELECT * FROM `sp_users` WHERE `user_login` = '组织部' LIMIT 1   [ RunTime:0.0000s ]
SQL: SHOW COLUMNS FROM `sp_role_user` [ RunTime:0.0000s ]
SQL: SELECT `role_id` FROM sp_role_user a INNER JOIN sp_role as b on a.role_id =b.id  WHERE `user_id` = '11' AND `status` = 1  [ RunTime:0.0000s ]
SQL: UPDATE `sp_users` SET `user_login`='组织部',`user_pass`='c535018ee946c641c6ec8b80c6c000ad953e8a8a92ed89af',`user_nicename`='',`user_email`='9@qq.com',`user_url`='',`avatar`=NULL,`sex`='0',`birthday`=NULL,`signature`=NULL,`last_login_ip`='121.18.119.230',`last_login_time`='2017-06-09 16:06:29',`create_time`='2000-01-01 00:00:00',`user_activation_key`='',`user_status`='1',`score`='0',`user_type`='1' WHERE `id` = '11' [ RunTime:0.0000s ]

[ 2017-06-09T16:44:04+08:00 ] 121.18.119.230 /index.php?g=Admin&m=public&a=dologin
INFO: [ app_begin ] --START--
INFO: Run Behavior\ReadHtmlCacheBehavior [ RunTime:0.000000s ]
INFO: Run Behavior\CheckLangBehavior [ RunTime:0.000000s ]
INFO: [ app_begin ] --END-- [ RunTime:0.000000s ]
SQL: SHOW COLUMNS FROM `sp_users` [ RunTime:0.0000s ]
SQL: SELECT * FROM `sp_users` WHERE `user_login` = '档案局' LIMIT 1   [ RunTime:0.0000s ]
SQL: SHOW COLUMNS FROM `sp_role_user` [ RunTime:0.0000s ]
SQL: SELECT `role_id` FROM sp_role_user a INNER JOIN sp_role as b on a.role_id =b.id  WHERE `user_id` = '20' AND `status` = 1  [ RunTime:0.0000s ]
SQL: UPDATE `sp_users` SET `user_login`='档案局',`user_pass`='c535018ee9465057be3afa7509691f98d9ffead01ab689af',`user_nicename`='',`user_email`='20@qq.com',`user_url`='',`avatar`=NULL,`sex`='0',`birthday`=NULL,`signature`=NULL,`last_login_ip`='121.18.119.230',`last_login_time`='2017-06-09 16:44:04',`create_time`='2000-01-01 00:00:00',`user_activation_key`='',`user_status`='1',`score`='0',`user_type`='1' WHERE `id` = '20' [ RunTime:0.0000s ]

[ 2017-06-09T19:01:40+08:00 ] 27.186.125.86 /index.php?g=Admin&m=public&a=dologin
INFO: [ app_begin ] --START--
INFO: Run Behavior\ReadHtmlCacheBehavior [ RunTime:0.000000s ]
INFO: Run Behavior\CheckLangBehavior [ RunTime:0.000000s ]
INFO: [ app_begin ] --END-- [ RunTime:0.000000s ]
SQL: SHOW COLUMNS FROM `sp_users` [ RunTime:0.0156s ]
SQL: SELECT * FROM `sp_users` WHERE `user_login` = 'dx' LIMIT 1   [ RunTime:0.0000s ]

[ 2017-06-09T19:02:00+08:00 ] 27.186.125.86 /index.php?g=Admin&m=public&a=dologin
INFO: [ app_begin ] --START--
INFO: Run Behavior\ReadHtmlCacheBehavior [ RunTime:0.000000s ]
INFO: Run Behavior\CheckLangBehavior [ RunTime:0.000000s ]
INFO: [ app_begin ] --END-- [ RunTime:0.000000s ]
SQL: SHOW COLUMNS FROM `sp_users` [ RunTime:0.0156s ]
SQL: SELECT * FROM `sp_users` WHERE `user_login` = 'dx' LIMIT 1   [ RunTime:0.0000s ]

[ 2017-06-09T19:02:29+08:00 ] 27.186.125.86 /index.php?g=Admin&m=public&a=dologin
INFO: [ app_begin ] --START--
INFO: Run Behavior\ReadHtmlCacheBehavior [ RunTime:0.015625s ]
INFO: Run Behavior\CheckLangBehavior [ RunTime:0.000000s ]
INFO: [ app_begin ] --END-- [ RunTime:0.015625s ]

[ 2017-06-09T19:02:39+08:00 ] 27.186.125.86 /index.php?g=Admin&m=public&a=dologin
INFO: [ app_begin ] --START--
INFO: Run Behavior\ReadHtmlCacheBehavior [ RunTime:0.000000s ]
INFO: Run Behavior\CheckLangBehavior [ RunTime:0.000000s ]
INFO: [ app_begin ] --END-- [ RunTime:0.000000s ]
SQL: SHOW COLUMNS FROM `sp_users` [ RunTime:0.0000s ]
SQL: SELECT * FROM `sp_users` WHERE `user_login` = '党校' LIMIT 1   [ RunTime:0.0000s ]

[ 2017-06-09T19:02:54+08:00 ] 27.186.125.86 /index.php?g=Admin&m=public&a=dologin
INFO: [ app_begin ] --START--
INFO: Run Behavior\ReadHtmlCacheBehavior [ RunTime:0.000000s ]
INFO: Run Behavior\CheckLangBehavior [ RunTime:0.000000s ]
INFO: [ app_begin ] --END-- [ RunTime:0.000000s ]

[ 2017-06-09T19:03:03+08:00 ] 27.186.125.86 /index.php?g=Admin&m=public&a=dologin
INFO: [ app_begin ] --START--
INFO: Run Behavior\ReadHtmlCacheBehavior [ RunTime:0.000000s ]
INFO: Run Behavior\CheckLangBehavior [ RunTime:0.015625s ]
INFO: [ app_begin ] --END-- [ RunTime:0.015625s ]
SQL: SHOW COLUMNS FROM `sp_users` [ RunTime:0.0000s ]
SQL: SELECT * FROM `sp_users` WHERE `user_login` = '党校' LIMIT 1   [ RunTime:0.0000s ]

[ 2017-06-09T19:03:16+08:00 ] 27.186.125.86 /index.php?g=Admin&m=public&a=dologin
INFO: [ app_begin ] --START--
INFO: Run Behavior\ReadHtmlCacheBehavior [ RunTime:0.000000s ]
INFO: Run Behavior\CheckLangBehavior [ RunTime:0.000000s ]
INFO: [ app_begin ] --END-- [ RunTime:0.000000s ]
SQL: SHOW COLUMNS FROM `sp_users` [ RunTime:0.0000s ]
SQL: SELECT * FROM `sp_users` WHERE `user_login` = '党校' LIMIT 1   [ RunTime:0.0000s ]

[ 2017-06-09T19:04:42+08:00 ] 27.186.125.86 /index.php?g=Admin&m=public&a=dologin
INFO: [ app_begin ] --START--
INFO: Run Behavior\ReadHtmlCacheBehavior [ RunTime:0.000000s ]
INFO: Run Behavior\CheckLangBehavior [ RunTime:0.000000s ]
INFO: [ app_begin ] --END-- [ RunTime:0.000000s ]
SQL: SHOW COLUMNS FROM `sp_users` [ RunTime:0.0000s ]
SQL: SELECT * FROM `sp_users` WHERE `user_login` = '党校' LIMIT 1   [ RunTime:0.0000s ]
SQL: SHOW COLUMNS FROM `sp_role_user` [ RunTime:0.0000s ]
SQL: SELECT `role_id` FROM sp_role_user a INNER JOIN sp_role as b on a.role_id =b.id  WHERE `user_id` = '21' AND `status` = 1  [ RunTime:0.0000s ]
SQL: UPDATE `sp_users` SET `user_login`='党校',`user_pass`='c535018ee946acd2b09d39705a84bff035c18c9faea989af',`user_nicename`='',`user_email`='21@qq.com',`user_url`='',`avatar`=NULL,`sex`='0',`birthday`=NULL,`signature`=NULL,`last_login_ip`='27.186.125.86',`last_login_time`='2017-06-09 19:04:42',`create_time`='2000-01-01 00:00:00',`user_activation_key`='',`user_status`='1',`score`='0',`user_type`='1' WHERE `id` = '21' [ RunTime:0.0000s ]

